<?xml version="1.0" encoding="UTF-8"?>
<testng-results skipped="0" failed="0" ignored="0" total="1" passed="1">
  <reporter-output>
  </reporter-output>
  <suite name="Default suite" duration-ms="23992" started-at="2022-02-03T13:21:04 IST" finished-at="2022-02-03T13:21:28 IST">
    <groups>
    </groups>
    <test name="Default test" duration-ms="23992" started-at="2022-02-03T13:21:04 IST" finished-at="2022-02-03T13:21:28 IST">
      <class name="assignment.Assignment">
        <test-method status="PASS" signature="openbrowser()[pri:0, instance:assignment.Assignment@30d1e6]" name="openbrowser" is-config="true" duration-ms="5247" started-at="2022-02-03T13:21:05 IST" finished-at="2022-02-03T13:21:10 IST">
          <reporter-output>
          </reporter-output>
        </test-method> <!-- openbrowser -->
        <test-method status="PASS" signature="open()[pri:0, instance:assignment.Assignment@30d1e6]" name="open" duration-ms="18665" started-at="2022-02-03T13:21:10 IST" finished-at="2022-02-03T13:21:28 IST">
          <reporter-output>
          </reporter-output>
        </test-method> <!-- open -->
      </class> <!-- assignment.Assignment -->
    </test> <!-- Default test -->
  </suite> <!-- Default suite -->
</testng-results>
